mode: set
webapp/cmd/web/forms.go:10.42,12.25 2 1
webapp/cmd/web/forms.go:12.25,14.3 1 1
webapp/cmd/web/forms.go:15.2,15.21 1 1
webapp/cmd/web/forms.go:18.51,20.2 1 1
webapp/cmd/web/forms.go:27.37,32.2 1 1
webapp/cmd/web/forms.go:34.39,36.13 2 1
webapp/cmd/web/forms.go:36.13,38.3 1 1
webapp/cmd/web/forms.go:39.2,39.13 1 1
webapp/cmd/web/forms.go:42.43,43.31 1 1
webapp/cmd/web/forms.go:43.31,45.37 2 1
webapp/cmd/web/forms.go:45.37,47.4 1 1
webapp/cmd/web/forms.go:51.59,52.9 1 1
webapp/cmd/web/forms.go:52.9,54.3 1 1
webapp/cmd/web/forms.go:57.29,59.2 1 1
webapp/cmd/web/handlers.go:13.70,15.2 1 1
webapp/cmd/web/handlers.go:22.108,29.16 3 1
webapp/cmd/web/handlers.go:29.16,32.3 2 0
webapp/cmd/web/handlers.go:34.2,35.16 2 1
webapp/cmd/web/handlers.go:35.16,37.3 1 0
webapp/cmd/web/handlers.go:39.2,39.12 1 1
webapp/cmd/web/handlers.go:42.71,44.16 2 0
webapp/cmd/web/handlers.go:44.16,48.3 3 0
webapp/cmd/web/handlers.go:49.2,53.23 4 0
webapp/cmd/web/main.go:10.13,25.16 5 0
webapp/cmd/web/main.go:25.16,27.3 1 0
webapp/cmd/web/middleware.go:14.67,16.2 1 1
webapp/cmd/web/middleware.go:18.72,19.71 1 1
webapp/cmd/web/middleware.go:19.71,22.17 3 1
webapp/cmd/web/middleware.go:22.17,24.20 2 1
webapp/cmd/web/middleware.go:24.20,26.5 1 1
webapp/cmd/web/middleware.go:27.4,27.60 1 1
webapp/cmd/web/middleware.go:29.9,31.4 1 1
webapp/cmd/web/middleware.go:32.3,32.40 1 1
webapp/cmd/web/middleware.go:36.45,38.16 2 1
webapp/cmd/web/middleware.go:38.16,40.3 1 1
webapp/cmd/web/middleware.go:41.2,42.19 2 1
webapp/cmd/web/middleware.go:42.19,44.3 1 1
webapp/cmd/web/middleware.go:45.2,46.22 2 1
webapp/cmd/web/middleware.go:46.22,48.3 1 1
webapp/cmd/web/middleware.go:49.2,49.18 1 1
webapp/cmd/web/middleware.go:49.18,51.3 1 0
webapp/cmd/web/middleware.go:52.2,52.16 1 1
webapp/cmd/web/routes.go:10.47,27.2 8 1
